
 **************************************
 |          PDMC CALCULATION           |
 **************************************


 -------SIMULATION PARAMETERS----------

  Number of runs          :       100
  Number of MC iterations :    100000
  Time step               :   0.05000
  Maximum projection time : 100.00000

 --------------------------------------

 --------------ELECTRONS---------------

   Number of electrons    :         2

 --------------------------------------

 ---------------NUCLEI-----------------

   Number of nuclei       :         3

   Z  |  a  |  Rx          Ry          Rz  [a.u.]

     1  1.20    -0.093     0.000    -0.161
     1  1.20    -0.093     0.000     1.484
     1  1.20     1.332     0.000     0.661

 --------------------------------------

 -------------ENERGIES-----------------

   Reference energy       :  -2.00000

 --------------------------------------

 **************************************
 |            PDMC RESULTS             |
 **************************************

 ----------ELECTRONIC ENERGY-----------

   E =  -3.147 +/-   0.019  [Hartree]

 -------ELECTRONIC ENERGY + VNN--------

   E =  -1.323 +/-   0.019  [Hartree]

 ----------ACCEPTANCE RATE-------------

   A =   0.987 +/-   0.000
