
 **************************************
 |          PDMC CALCULATION           |
 **************************************


 -------SIMULATION PARAMETERS----------

  Number of runs          :       100
  Number of MC iterations :    100000
  Time step               :   0.05000
  Maximum projection time : 100.00000

 --------------------------------------

 --------------ELECTRONS---------------

   Number of electrons    :         1

 --------------------------------------

 ---------------NUCLEI-----------------

   Number of nuclei       :         1

   Z  |  a  |  Rx          Ry          Rz  [a.u.]

     1  1.20     0.945     0.945     0.945

 --------------------------------------

 -------------ENERGIES-----------------

   Reference energy       :  -0.50000

 --------------------------------------

 **************************************
 |            PDMC RESULTS             |
 **************************************

 ----------ELECTRONIC ENERGY-----------

   E =  -0.500 +/-   0.001  [Hartree]

 -------ELECTRONIC ENERGY + VNN--------

   E =  -0.500 +/-   0.001  [Hartree]

 ----------ACCEPTANCE RATE-------------

   A =   0.990 +/-   0.000
