
 **************************************
 |          PDMC CALCULATION           |
 **************************************


 -------SIMULATION PARAMETERS----------

  Number of runs          :       100
  Number of MC iterations :    100000
  Time step               :   0.05000
  Maximum projection time : 100.00000

 --------------------------------------

 --------------ELECTRONS---------------

   Number of electrons    :         1

 --------------------------------------

 ---------------NUCLEI-----------------

   Number of nuclei       :         2

   Z  |  a  |  Rx          Ry          Rz  [a.u.]

     1  1.20     0.000     0.000     0.000
     1  1.20     1.398     0.000     0.000

 --------------------------------------

 -------------ENERGIES-----------------

   Reference energy       :  -1.30000

 --------------------------------------

 **************************************
 |            PDMC RESULTS             |
 **************************************

 ----------ELECTRONIC ENERGY-----------

   E =  -1.282 +/-   0.001  [Hartree]

 -------ELECTRONIC ENERGY + VNN--------

   E =  -0.567 +/-   0.001  [Hartree]

 ----------ACCEPTANCE RATE-------------

   A =   0.991 +/-   0.000
