
 **************************************
 |          PDMC CALCULATION           |
 **************************************


 -------SIMULATION PARAMETERS----------

  Number of runs          :       100
  Number of MC iterations :    100000
  Time step               :   0.05000
  Maximum projection time : 100.00000

 --------------------------------------

 --------------ELECTRONS---------------

   Number of electrons    :         2

 --------------------------------------

 ---------------NUCLEI-----------------

   Number of nuclei       :         1

   Z  |  a  |  Rx          Ry          Rz  [a.u.]

     2  2.00     0.000     0.000     0.000

 --------------------------------------

 -------------ENERGIES-----------------

   Reference energy       :  -2.90000

 --------------------------------------

 **************************************
 |            PDMC RESULTS             |
 **************************************

 ----------ELECTRONIC ENERGY-----------

   E =  -2.896 +/-   0.002  [Hartree]

 -------ELECTRONIC ENERGY + VNN--------

   E =  -2.896 +/-   0.002  [Hartree]

 ----------ACCEPTANCE RATE-------------

   A =   0.931 +/-   0.000
